{"C:\\Users\\dkast\\OneDrive\\Desktop\\tddlab2\\tdd-lab-2-dkasten777\\src\\js\\Cart.js": {"path":"C:\\Users\\dkast\\OneDrive\\Desktop\\tddlab2\\tdd-lab-2-dkasten777\\src\\js\\Cart.js","statementMap":{"0":{"start":{"line":3,"column":8},"end":{"line":3,"column":24}},"1":{"start":{"line":6,"column":8},"end":{"line":6,"column":33}},"2":{"start":{"line":9,"column":8},"end":{"line":9,"column":33}},"3":{"start":{"line":13,"column":18},"end":{"line":13,"column":19}},"4":{"start":{"line":14,"column":8},"end":{"line":16,"column":9}},"5":{"start":{"line":14,"column":21},"end":{"line":14,"column":22}},"6":{"start":{"line":15,"column":12},"end":{"line":15,"column":38}},"7":{"start":{"line":17,"column":8},"end":{"line":17,"column":19}},"8":{"start":{"line":21,"column":18},"end":{"line":21,"column":19}},"9":{"start":{"line":22,"column":8},"end":{"line":24,"column":9}},"10":{"start":{"line":22,"column":21},"end":{"line":22,"column":22}},"11":{"start":{"line":23,"column":12},"end":{"line":23,"column":50}},"12":{"start":{"line":25,"column":8},"end":{"line":25,"column":19}},"13":{"start":{"line":30,"column":8},"end":{"line":30,"column":65}},"14":{"start":{"line":34,"column":0},"end":{"line":34,"column":22}}},"fnMap":{"0":{"name":"(anonymous_0)","decl":{"start":{"line":2,"column":4},"end":{"line":2,"column":5}},"loc":{"start":{"line":2,"column":17},"end":{"line":4,"column":5}},"line":2},"1":{"name":"(anonymous_1)","decl":{"start":{"line":5,"column":4},"end":{"line":5,"column":5}},"loc":{"start":{"line":5,"column":16},"end":{"line":7,"column":5}},"line":5},"2":{"name":"(anonymous_2)","decl":{"start":{"line":8,"column":4},"end":{"line":8,"column":5}},"loc":{"start":{"line":8,"column":18},"end":{"line":10,"column":5}},"line":8},"3":{"name":"(anonymous_3)","decl":{"start":{"line":11,"column":4},"end":{"line":11,"column":5}},"loc":{"start":{"line":11,"column":23},"end":{"line":18,"column":5}},"line":11},"4":{"name":"(anonymous_4)","decl":{"start":{"line":19,"column":4},"end":{"line":19,"column":5}},"loc":{"start":{"line":19,"column":21},"end":{"line":26,"column":5}},"line":19},"5":{"name":"(anonymous_5)","decl":{"start":{"line":27,"column":4},"end":{"line":27,"column":5}},"loc":{"start":{"line":27,"column":12},"end":{"line":31,"column":5}},"line":27}},"branchMap":{},"s":{"0":1,"1":3,"2":2,"3":2,"4":2,"5":2,"6":6,"7":2,"8":2,"9":2,"10":2,"11":6,"12":2,"13":1,"14":1},"f":{"0":1,"1":3,"2":2,"3":2,"4":2,"5":1},"b":{},"_coverageSchema":"43e27e138ebf9cfc5966b082cf9a028302ed4184","hash":"d3d0d8fdbe44f1a72f8a7dee69ccbcd57cece20d"}
,"C:\\Users\\dkast\\OneDrive\\Desktop\\tddlab2\\tdd-lab-2-dkasten777\\src\\js\\Product.js": {"path":"C:\\Users\\dkast\\OneDrive\\Desktop\\tddlab2\\tdd-lab-2-dkasten777\\src\\js\\Product.js","statementMap":{"0":{"start":{"line":3,"column":8},"end":{"line":3,"column":25}},"1":{"start":{"line":4,"column":8},"end":{"line":4,"column":27}},"2":{"start":{"line":5,"column":8},"end":{"line":5,"column":31}},"3":{"start":{"line":10,"column":12},"end":{"line":14,"column":13}},"4":{"start":{"line":11,"column":16},"end":{"line":11,"column":41}},"5":{"start":{"line":13,"column":16},"end":{"line":13,"column":34}},"6":{"start":{"line":20,"column":4},"end":{"line":20,"column":29}}},"fnMap":{"0":{"name":"(anonymous_0)","decl":{"start":{"line":2,"column":4},"end":{"line":2,"column":5}},"loc":{"start":{"line":2,"column":37},"end":{"line":8,"column":9}},"line":2},"1":{"name":"(anonymous_1)","decl":{"start":{"line":9,"column":4},"end":{"line":9,"column":5}},"loc":{"start":{"line":9,"column":21},"end":{"line":15,"column":9}},"line":9}},"branchMap":{"0":{"loc":{"start":{"line":10,"column":12},"end":{"line":14,"column":13}},"type":"if","locations":[{"start":{"line":10,"column":12},"end":{"line":14,"column":13}},{"start":{"line":10,"column":12},"end":{"line":14,"column":13}}],"line":10}},"s":{"0":6,"1":6,"2":6,"3":8,"4":7,"5":1,"6":2},"f":{"0":6,"1":8},"b":{"0":[7,1]},"_coverageSchema":"43e27e138ebf9cfc5966b082cf9a028302ed4184","hash":"1491c529e9d591365775c2d78c998da47f596df2"}
,"C:\\Users\\dkast\\OneDrive\\Desktop\\tddlab2\\tdd-lab-2-dkasten777\\src\\js\\money-functions.js": {"path":"C:\\Users\\dkast\\OneDrive\\Desktop\\tddlab2\\tdd-lab-2-dkasten777\\src\\js\\money-functions.js","statementMap":{"0":{"start":{"line":2,"column":4},"end":{"line":6,"column":5}},"1":{"start":{"line":3,"column":8},"end":{"line":3,"column":38}},"2":{"start":{"line":5,"column":8},"end":{"line":5,"column":52}},"3":{"start":{"line":11,"column":4},"end":{"line":11,"column":37}},"4":{"start":{"line":12,"column":4},"end":{"line":12,"column":23}},"5":{"start":{"line":13,"column":4},"end":{"line":13,"column":34}},"6":{"start":{"line":14,"column":4},"end":{"line":14,"column":23}},"7":{"start":{"line":15,"column":4},"end":{"line":15,"column":35}},"8":{"start":{"line":16,"column":4},"end":{"line":16,"column":22}},"9":{"start":{"line":17,"column":4},"end":{"line":17,"column":34}},"10":{"start":{"line":20,"column":4},"end":{"line":25,"column":5}},"11":{"start":{"line":28,"column":0},"end":{"line":28,"column":43}}},"fnMap":{"0":{"name":"formatCurrency","decl":{"start":{"line":1,"column":9},"end":{"line":1,"column":23}},"loc":{"start":{"line":1,"column":31},"end":{"line":7,"column":1}},"line":1},"1":{"name":"getCoins","decl":{"start":{"line":10,"column":9},"end":{"line":10,"column":17}},"loc":{"start":{"line":10,"column":24},"end":{"line":26,"column":1}},"line":10}},"branchMap":{"0":{"loc":{"start":{"line":2,"column":4},"end":{"line":6,"column":5}},"type":"if","locations":[{"start":{"line":2,"column":4},"end":{"line":6,"column":5}},{"start":{"line":2,"column":4},"end":{"line":6,"column":5}}],"line":2}},"s":{"0":6,"1":5,"2":1,"3":4,"4":4,"5":4,"6":4,"7":4,"8":4,"9":4,"10":4,"11":1},"f":{"0":6,"1":4},"b":{"0":[5,1]},"_coverageSchema":"43e27e138ebf9cfc5966b082cf9a028302ed4184","hash":"4a39fe96143ef6a56dfe178b4af2d0a994bec907"}
}
