TN:
SF:C:\Users\dkast\OneDrive\Desktop\tddlab2\tdd-lab-2-dkasten777\src\js\Cart.js
FN:2,(anonymous_0)
FN:5,(anonymous_1)
FN:8,(anonymous_2)
FN:11,(anonymous_3)
FN:19,(anonymous_4)
FN:27,(anonymous_5)
FNF:6
FNH:6
FNDA:1,(anonymous_0)
FNDA:3,(anonymous_1)
FNDA:2,(anonymous_2)
FNDA:2,(anonymous_3)
FNDA:2,(anonymous_4)
FNDA:1,(anonymous_5)
DA:3,1
DA:6,3
DA:9,2
DA:13,2
DA:14,2
DA:15,6
DA:17,2
DA:21,2
DA:22,2
DA:23,6
DA:25,2
DA:30,1
DA:34,1
LF:13
LH:13
BRF:0
BRH:0
end_of_record
TN:
SF:C:\Users\dkast\OneDrive\Desktop\tddlab2\tdd-lab-2-dkasten777\src\js\Product.js
FN:2,(anonymous_0)
FN:9,(anonymous_1)
FNF:2
FNH:2
FNDA:6,(anonymous_0)
FNDA:8,(anonymous_1)
DA:3,6
DA:4,6
DA:5,6
DA:10,8
DA:11,7
DA:13,1
DA:20,2
LF:7
LH:7
BRDA:10,0,0,7
BRDA:10,0,1,1
BRF:2
BRH:2
end_of_record
TN:
SF:C:\Users\dkast\OneDrive\Desktop\tddlab2\tdd-lab-2-dkasten777\src\js\money-functions.js
FN:1,formatCurrency
FN:10,getCoins
FNF:2
FNH:2
FNDA:6,formatCurrency
FNDA:4,getCoins
DA:2,6
DA:3,5
DA:5,1
DA:11,4
DA:12,4
DA:13,4
DA:14,4
DA:15,4
DA:16,4
DA:17,4
DA:20,4
DA:28,1
LF:12
LH:12
BRDA:2,0,0,5
BRDA:2,0,1,1
BRF:2
BRH:2
end_of_record
